\BOOKMARK [1][-]{section.1}{\376\377\225\356\230\230\221\315\217\360}{}% 1
\BOOKMARK [2][-]{subsection.1.1}{\376\377\225\356\230\230\200\314\146\157}{section.1}% 2
\BOOKMARK [2][-]{subsection.1.2}{\376\377\225\356\230\230\151\202\217\360}{section.1}% 3
\BOOKMARK [1][-]{section.2}{\376\377\152\041\127\213\120\107\213\276}{}% 4
\BOOKMARK [1][-]{section.3}{\376\377\173\046\123\367\213\364\146\016}{}% 5
\BOOKMARK [1][-]{section.4}{\376\377\225\356\230\230\116\000\152\041\127\213\166\204\136\372\172\313\116\016\154\102\211\343}{}% 6
\BOOKMARK [2][-]{subsection.4.1}{\376\377\225\356\230\230\143\317\217\360\116\016\122\006\147\220}{section.4}% 7
\BOOKMARK [2][-]{subsection.4.2}{\376\377\152\041\127\213\166\204\136\372\172\313}{section.4}% 8
\BOOKMARK [3][-]{subsubsection.4.2.1}{\376\377\176\317\121\170\145\305\210\114\125\106\152\041\127\213}{subsection.4.2}% 9
\BOOKMARK [2][-]{subsection.4.3}{\376\377\152\041\127\213\166\204\154\102\211\343}{section.4}% 10
\BOOKMARK [3][-]{subsubsection.4.3.1}{\376\377\220\127\117\040\173\227\154\325}{subsection.4.3}% 11
\BOOKMARK [3][-]{subsubsection.4.3.2}{\376\377\122\250\140\001\215\114\217\156}{subsection.4.3}% 12
\BOOKMARK [2][-]{subsection.4.4}{\376\377\133\236\232\214\176\323\147\234\123\312\122\006\147\220}{section.4}% 13
\BOOKMARK [1][-]{section.5}{\376\377\225\356\230\230\116\214\152\041\127\213\166\204\136\372\172\313\116\016\154\102\211\343}{}% 14
\BOOKMARK [2][-]{subsection.5.1}{\376\377\225\356\230\230\143\317\217\360\116\016\122\006\147\220}{section.5}% 15
\BOOKMARK [2][-]{subsection.5.2}{\376\377\136\046\176\246\147\137\166\204\131\032\145\305\210\114\125\106\152\041\127\213}{section.5}% 16
\BOOKMARK [2][-]{subsection.5.3}{\376\377\152\041\127\213\166\204\154\102\211\343}{section.5}% 17
\BOOKMARK [3][-]{subsubsection.5.3.1}{\376\377\143\322\147\177\137\017\177\026\170\001\220\127\117\040\173\227\154\325}{subsection.5.3}% 18
\BOOKMARK [2][-]{subsection.5.4}{\376\377\133\236\232\214\176\323\147\234\123\312\122\006\147\220}{section.5}% 19
\BOOKMARK [1][-]{section.6}{\376\377\225\356\230\230\116\011\152\041\127\213\166\204\136\372\172\313\116\016\154\102\211\343}{}% 20
\BOOKMARK [2][-]{subsection.6.1}{\376\377\152\041\127\213\166\204\154\102\211\343}{section.6}% 21
\BOOKMARK [3][-]{subsubsection.6.1.1}{\376\377\124\057\123\321\137\017\214\003\136\246\173\227\154\325}{subsection.6.1}% 22
\BOOKMARK [2][-]{subsection.6.2}{\376\377\176\323\147\234\122\006\147\220}{section.6}% 23
<<<<<<< HEAD
\BOOKMARK [1][-]{section.7}{\376\377\160\165\145\117\136\246\122\006\147\220}{}% 24
\BOOKMARK [1][-]{section.8}{\376\377\152\041\127\213\166\204\213\304\116\367}{}% 25
\BOOKMARK [2][-]{subsection.8.1}{\376\377\152\041\127\213\166\204\117\030\160\271}{section.8}% 26
\BOOKMARK [2][-]{subsection.8.2}{\376\377\152\041\127\213\166\204\177\072\160\271}{section.8}% 27
\BOOKMARK [2][-]{subsection.8.3}{\376\377\152\041\127\213\145\071\217\333}{section.8}% 28
\BOOKMARK [1][-]{appendix.A}{\376\377\152\041\127\213\166\204\116\343\170\001\133\236\163\260}{}% 29
\BOOKMARK [2][-]{subsection.A.1}{\376\377\000G\000A\000T\000S\000P\040\023\000m\000a\000t\000l\000a\000b\156\220\116\343\170\001}{appendix.A}% 30
\BOOKMARK [2][-]{subsection.A.2}{\376\377\000M\000G\000A\000T\000S\000P\040\023\000m\000a\000t\000l\000a\000b\156\220\116\343\170\001}{appendix.A}% 31
\BOOKMARK [2][-]{subsection.A.3}{\376\377\000d\000i\000s\000t\000a\000n\040\023\000m\000a\000t\000l\000a\000b\156\220\116\343\170\001}{appendix.A}% 32
\BOOKMARK [1][-]{appendix.B}{\376\377\145\160\143\156\123\357\211\306\123\026\166\204\133\236\163\260}{}% 33
\BOOKMARK [2][-]{subsection.B.1}{\376\377\173\054\116\000\225\356\165\073\126\376\040\023\000p\000y\000t\000h\000o\000n\156\220\116\343\170\001}{appendix.B}% 34
\BOOKMARK [2][-]{subsection.B.2}{\376\377\173\054\116\214\225\356\165\073\126\376\040\023\000p\000y\000t\000h\000o\000n\156\220\116\343\170\001}{appendix.B}% 35
=======
\BOOKMARK [1][-]{section.7}{\376\377\152\041\127\213\166\204\213\304\116\367}{}% 24
\BOOKMARK [2][-]{subsection.7.1}{\376\377\152\041\127\213\166\204\117\030\160\271}{section.7}% 25
\BOOKMARK [2][-]{subsection.7.2}{\376\377\152\041\127\213\166\204\177\072\160\271}{section.7}% 26
\BOOKMARK [2][-]{subsection.7.3}{\376\377\152\041\127\213\145\071\217\333}{section.7}% 27
\BOOKMARK [1][-]{appendix.A}{\376\377\152\041\127\213\166\204\116\343\170\001\133\236\163\260}{}% 28
\BOOKMARK [2][-]{subsection.A.1}{\376\377\000G\000A\000T\000S\000P\040\023\000m\000a\000t\000l\000a\000b\156\220\116\343\170\001}{appendix.A}% 29
\BOOKMARK [2][-]{subsection.A.2}{\376\377\000M\000G\000A\000T\000S\000P\040\023\000m\000a\000t\000l\000a\000b\156\220\116\343\170\001}{appendix.A}% 30
\BOOKMARK [2][-]{subsection.A.3}{\376\377\000d\000i\000s\000t\000a\000n\040\023\000m\000a\000t\000l\000a\000b\156\220\116\343\170\001}{appendix.A}% 31
\BOOKMARK [1][-]{appendix.B}{\376\377\145\160\143\156\123\357\211\306\123\026\166\204\133\236\163\260}{}% 32
\BOOKMARK [2][-]{subsection.B.1}{\376\377\173\054\116\000\225\356\165\073\126\376\040\023\000p\000y\000t\000h\000o\000n\156\220\116\343\170\001}{appendix.B}% 33
\BOOKMARK [2][-]{subsection.B.2}{\376\377\173\054\116\214\225\356\165\073\126\376\040\023\000p\000y\000t\000h\000o\000n\156\220\116\343\170\001}{appendix.B}% 34
>>>>>>> origin/lzc
