\BOOKMARK [1][-]{section.1}{\376\377\225\356\230\230\221\315\217\360}{}% 1
\BOOKMARK [2][-]{subsection.1.1}{\376\377\225\356\230\230\200\314\146\157}{section.1}% 2
\BOOKMARK [2][-]{subsection.1.2}{\376\377\225\356\230\230\151\202\217\360}{section.1}% 3
\BOOKMARK [1][-]{section.2}{\376\377\152\041\127\213\120\107\213\276}{}% 4
\BOOKMARK [1][-]{section.3}{\376\377\173\046\123\367\213\364\146\016}{}% 5
\BOOKMARK [1][-]{section.4}{\376\377\225\356\230\230\116\000\152\041\127\213\166\204\136\372\172\313\116\016\154\102\211\343}{}% 6
\BOOKMARK [2][-]{subsection.4.1}{\376\377\225\356\230\230\143\317\217\360\116\016\122\006\147\220}{section.4}% 7
\BOOKMARK [2][-]{subsection.4.2}{\376\377\152\041\127\213\166\204\136\372\172\313}{section.4}% 8
\BOOKMARK [3][-]{subsubsection.4.2.1}{\376\377\160\160\136\246\230\204\155\113\000G\000M\000\050\0001\000,\0001\000\051}{subsection.4.2}% 9
\BOOKMARK [3][-]{subsubsection.4.2.2}{\376\377\232\154\134\024\171\321\131\053\152\041\127\213\150\041\153\143}{subsection.4.2}% 10
\BOOKMARK [3][-]{subsubsection.4.2.3}{\376\377\230\204\155\113\176\323\147\234\213\304\116\367\143\007\150\007}{subsection.4.2}% 11
\BOOKMARK [2][-]{subsection.4.3}{\376\377\160\160\202\162\232\154\134\024\123\357\131\053\152\041\127\213\166\204\154\102\211\343}{section.4}% 12
\BOOKMARK [2][-]{subsection.4.4}{\376\377\133\236\232\214\176\323\147\234\122\006\147\220}{section.4}% 13
\BOOKMARK [1][-]{section.5}{\376\377\225\356\230\230\116\214\152\041\127\213\166\204\136\372\172\313\116\016\154\102\211\343}{}% 14
\BOOKMARK [2][-]{subsection.5.1}{\376\377\225\356\230\230\143\317\217\360\116\016\122\006\147\220}{section.5}% 15
\BOOKMARK [2][-]{subsection.5.2}{\376\377\000L\000e\000s\000l\000i\000e\116\272\123\343\152\041\127\213\136\372\172\313}{section.5}% 16
\BOOKMARK [2][-]{subsection.5.3}{\376\377\121\115\165\253\135\356\122\006\217\333\123\026\173\227\154\325}{section.5}% 17
\BOOKMARK [2][-]{subsection.5.4}{\376\377\133\236\232\214\176\323\147\234\123\312\122\006\147\220}{section.5}% 18
\BOOKMARK [1][-]{section.6}{\376\377\160\165\145\117\136\246\122\006\147\220}{}% 19
\BOOKMARK [1][-]{section.7}{\376\377\176\323\213\272\116\016\145\077\173\126\136\372\213\256}{}% 20
\BOOKMARK [1][-]{section.8}{\376\377\152\041\127\213\166\204\213\304\116\367}{}% 21
\BOOKMARK [2][-]{subsection.8.1}{\376\377\152\041\127\213\166\204\117\030\160\271}{section.8}% 22
\BOOKMARK [2][-]{subsection.8.2}{\376\377\152\041\127\213\166\204\177\072\160\271}{section.8}% 23
\BOOKMARK [1][-]{subsection.8.2}{\376\377\123\302\200\003\145\207\163\056}{}% 24
\BOOKMARK [1][-]{appendix.A}{\376\377\116\343\170\001}{}% 25
