\BOOKMARK [1][-]{section.1}{\376\377\225\356\230\230\221\315\217\360}{}% 1
\BOOKMARK [2][-]{subsection.1.1}{\376\377\225\356\230\230\200\314\146\157}{section.1}% 2
\BOOKMARK [2][-]{subsection.1.2}{\376\377\225\356\230\230\151\202\217\360}{section.1}% 3
\BOOKMARK [1][-]{section.2}{\376\377\152\041\127\213\120\107\213\276}{}% 4
\BOOKMARK [1][-]{section.3}{\376\377\173\046\123\367\213\364\146\016}{}% 5
\BOOKMARK [1][-]{section.4}{\376\377\225\356\230\230\116\000\152\041\127\213\166\204\136\372\172\313\116\016\154\102\211\343}{}% 6
\BOOKMARK [2][-]{subsection.4.1}{\376\377\145\160\143\156\230\204\131\004\164\006}{section.4}% 7
\BOOKMARK [3][-]{subsubsection.4.1.1}{\376\377\137\122\116\000\123\026\131\004\164\006}{subsection.4.1}% 8
\BOOKMARK [3][-]{subsubsection.4.1.2}{\376\377\126\376\120\317\137\072\123\026\131\004\164\006}{subsection.4.1}% 9
\BOOKMARK [3][-]{subsubsection.4.1.3}{\376\377\156\344\154\342}{subsection.4.1}% 10
\BOOKMARK [3][-]{subsubsection.4.1.4}{\376\377\116\214\120\074\123\026\131\004\164\006}{subsection.4.1}% 11
\BOOKMARK [2][-]{subsection.4.2}{\376\377\225\356\230\230\143\317\217\360\116\016\122\006\147\220}{section.4}% 12
\BOOKMARK [2][-]{subsection.4.3}{\376\377\152\041\127\213\166\204\136\372\172\313}{section.4}% 13
\BOOKMARK [2][-]{subsection.4.4}{\376\377\152\041\127\213\166\204\154\102\211\343}{section.4}% 14
\BOOKMARK [2][-]{subsection.4.5}{\376\377\133\236\232\214\176\323\147\234\123\312\122\006\147\220}{section.4}% 15
\BOOKMARK [1][-]{section.5}{\376\377\225\356\230\230\116\214\152\041\127\213\166\204\136\372\172\313\116\016\154\102\211\343}{}% 16
\BOOKMARK [2][-]{subsection.5.1}{\376\377\225\356\230\230\143\317\217\360\116\016\122\006\147\220}{section.5}% 17
\BOOKMARK [2][-]{subsection.5.2}{\376\377\152\041\127\213\166\204\136\372\172\313}{section.5}% 18
\BOOKMARK [2][-]{subsection.5.3}{\376\377\152\041\127\213\166\204\154\102\211\343}{section.5}% 19
\BOOKMARK [2][-]{subsection.5.4}{\376\377\133\236\232\214\176\323\147\234\123\312\122\006\147\220}{section.5}% 20
\BOOKMARK [1][-]{section.6}{\376\377\225\356\230\230\116\011\152\041\127\213\166\204\136\372\172\313\116\016\154\102\211\343}{}% 21
\BOOKMARK [2][-]{subsection.6.1}{\376\377\225\356\230\230\143\317\217\360\116\016\122\006\147\220}{section.6}% 22
\BOOKMARK [2][-]{subsection.6.2}{\376\377\152\041\127\213\166\204\136\372\172\313\116\016\154\102\211\343}{section.6}% 23
\BOOKMARK [3][-]{subsubsection.6.2.1}{\376\377\000k\000-\000m\000e\000d\000o\000i\000d\000s}{subsection.6.2}% 24
\BOOKMARK [2][-]{subsection.6.3}{\376\377\133\236\232\214\176\323\147\234\123\312\122\006\147\220}{section.6}% 25
\BOOKMARK [1][-]{section.7}{\376\377\152\041\127\213\166\204\213\304\116\367}{}% 26
\BOOKMARK [2][-]{subsection.7.1}{\376\377\152\041\127\213\166\204\117\030\160\271}{section.7}% 27
\BOOKMARK [2][-]{subsection.7.2}{\376\377\152\041\127\213\166\204\177\072\160\271}{section.7}% 28
\BOOKMARK [2][-]{subsection.7.3}{\376\377\152\041\127\213\145\071\217\333}{section.7}% 29
\BOOKMARK [1][-]{appendix.A}{\376\377\145\160\143\156\123\357\211\306\123\026\166\204\133\236\163\260}{}% 30
