\BOOKMARK [1][-]{section.1}{\376\377\225\356\230\230\221\315\217\360}{}% 1
\BOOKMARK [2][-]{subsection.1.1}{\376\377\225\356\230\230\200\314\146\157}{section.1}% 2
\BOOKMARK [2][-]{subsection.1.2}{\376\377\225\356\230\230\151\202\217\360}{section.1}% 3
\BOOKMARK [1][-]{section.2}{\376\377\152\041\127\213\120\107\213\276}{}% 4
\BOOKMARK [1][-]{section.3}{\376\377\173\046\123\367\213\364\146\016}{}% 5
\BOOKMARK [1][-]{section.4}{\376\377\225\356\230\230\116\000\152\041\127\213\166\204\136\372\172\313\116\016\154\102\211\343}{}% 6
\BOOKMARK [2][-]{subsection.4.1}{\376\377\225\356\230\230\116\000\143\317\217\360\116\016\122\006\147\220}{section.4}% 7
\BOOKMARK [2][-]{subsection.4.2}{\376\377\152\041\127\213\166\204\136\372\172\313\116\016\154\102\211\343}{section.4}% 8
\BOOKMARK [2][-]{subsection.4.3}{\376\377\176\323\147\234\122\006\147\220}{section.4}% 9
\BOOKMARK [1][-]{section.5}{\376\377\225\356\230\230\116\214\152\041\127\213\166\204\136\372\172\313\116\016\154\102\211\343}{}% 10
\BOOKMARK [2][-]{subsection.5.1}{\376\377\225\356\230\230\116\214\143\317\217\360\124\214\122\006\147\220}{section.5}% 11
\BOOKMARK [2][-]{subsection.5.2}{\376\377\152\041\127\213\136\372\172\313\116\016\154\102\211\343}{section.5}% 12
\BOOKMARK [3][-]{subsubsection.5.2.1}{\376\377\152\041\127\213\166\204\136\372\172\313}{subsection.5.2}% 13
\BOOKMARK [3][-]{subsubsection.5.2.2}{\376\377\147\024\156\220\116\377\167\037\173\227\117\213}{subsection.5.2}% 14
\BOOKMARK [3][-]{subsubsection.5.2.3}{\376\377\152\041\142\337\232\214\213\301\116\016\122\006\147\220}{subsection.5.2}% 15
\BOOKMARK [1][-]{section.6}{\376\377\225\356\230\230\116\011\152\041\127\213\166\204\136\372\172\313\116\016\154\102\211\343}{}% 16
\BOOKMARK [2][-]{subsection.6.1}{\376\377\225\356\230\230\143\317\217\360}{section.6}% 17
\BOOKMARK [2][-]{subsection.6.2}{\376\377\162\171\160\271\122\006\147\220}{section.6}% 18
\BOOKMARK [1][-]{section.7}{\376\377\225\356\230\230\126\333\152\041\127\213\166\204\136\372\172\313\116\016\154\102\211\343}{}% 19
\BOOKMARK [2][-]{subsection.7.1}{\376\377\225\356\230\230\143\317\217\360\116\016\122\006\147\220}{section.7}% 20
\BOOKMARK [2][-]{subsection.7.2}{\376\377\230\204\131\007\135\345\117\134}{section.7}% 21
\BOOKMARK [3][-]{subsubsection.7.2.1}{\376\377\117\060\173\227\126\011\226\165\154\137\136\163\127\107\155\101\220\037}{subsection.7.2}% 22
\BOOKMARK [3][-]{subsubsection.7.2.2}{\376\377\224\312\123\026\162\151\127\050\154\137\154\064\116\055\166\204\142\151\145\143\174\373\145\160}{subsection.7.2}% 23
\BOOKMARK [2][-]{subsection.7.3}{\376\377\152\041\127\213\166\204\136\372\172\313\116\016\154\102\211\343}{section.7}% 24
\BOOKMARK [1][-]{section.8}{\376\377\152\041\127\213\166\204\213\304\116\367}{}% 25
\BOOKMARK [2][-]{subsection.8.1}{\376\377\152\041\127\213\166\204\117\030\160\271}{section.8}% 26
\BOOKMARK [2][-]{subsection.8.2}{\376\377\152\041\127\213\166\204\177\072\160\271}{section.8}% 27
\BOOKMARK [2][-]{subsection.8.3}{\376\377\152\041\127\213\166\204\145\071\217\333\116\016\134\125\147\033}{section.8}% 28
\BOOKMARK [1][-]{appendix.A}{\376\377\116\343\170\001}{}% 29
\BOOKMARK [2][-]{subsection.A.1}{\376\377\145\160\143\156\230\204\131\004\164\006\040\023\000m\000a\000t\000l\000a\000b\156\220\116\343\170\001}{appendix.A}% 30
\BOOKMARK [2][-]{subsection.A.2}{\376\377\120\117\137\256\122\006\145\271\172\013\121\154\137\017\154\102\211\343\040\023\000p\000y\000t\000h\000o\000n\156\220\116\343\170\001}{appendix.A}% 31
\BOOKMARK [2][-]{subsection.A.3}{\376\377\145\160\143\156\142\337\124\010\122\006\147\220\040\023\000m\000a\000t\000l\000a\000b\156\220\116\343\170\001}{appendix.A}% 32
\BOOKMARK [2][-]{subsection.A.4}{\376\377\145\160\143\156\123\357\211\306\123\026\040\023\000p\000y\000t\000h\000o\000n\156\220\116\343\170\001}{appendix.A}% 33
\BOOKMARK [2][-]{subsection.A.5}{\376\377\162\054\123\326\145\160\143\156\040\023\000p\000y\000t\000h\000o\000n\156\220\116\343\170\001}{appendix.A}% 34
\BOOKMARK [2][-]{subsection.A.6}{\376\377\145\366\172\172\122\006\136\003\116\214\176\364\126\376\040\023\000p\000y\000t\000h\000o\000n\156\220\116\343\170\001}{appendix.A}% 35
