\BOOKMARK [1][-]{section.1}{\376\377\225\356\230\230\221\315\217\360}{}% 1
\BOOKMARK [2][-]{subsection.1.1}{\376\377\225\356\230\230\200\314\146\157}{section.1}% 2
\BOOKMARK [2][-]{subsection.1.2}{\376\377\225\356\230\230\143\320\121\372}{section.1}% 3
\BOOKMARK [1][-]{section.2}{\376\377\152\041\127\213\120\107\213\276}{}% 4
\BOOKMARK [1][-]{section.3}{\376\377\173\046\123\367\213\364\146\016}{}% 5
\BOOKMARK [1][-]{section.4}{\376\377\225\356\230\230\116\000\152\041\127\213\166\204\136\372\172\313\116\016\154\102\211\343}{}% 6
\BOOKMARK [2][-]{subsection.4.1}{\376\377\225\356\230\230\166\204\143\317\217\360\116\016\122\006\147\220}{section.4}% 7
\BOOKMARK [2][-]{subsection.4.2}{\376\377\230\204\131\007\135\345\117\134}{section.4}% 8
\BOOKMARK [3][-]{subsubsection.4.2.1}{\376\377\213\304\116\367\143\007\150\007\117\123\174\373\147\204\136\372}{subsection.4.2}% 9
\BOOKMARK [3][-]{subsubsection.4.2.2}{\376\377\124\014\124\021\123\026\131\004\164\006}{subsection.4.2}% 10
\BOOKMARK [3][-]{subsubsection.4.2.3}{\376\377\150\007\121\306\123\026\131\004\164\006}{subsection.4.2}% 11
\BOOKMARK [3][-]{subsubsection.4.2.4}{\376\377\000K\000M\000O\116\016\000B\000a\000r\000t\000l\000e\000t\000t\150\300\232\214}{subsection.4.2}% 12
\BOOKMARK [2][-]{subsection.4.3}{\376\377\152\041\127\213\166\204\136\372\172\313\116\016\154\102\211\343}{section.4}% 13
\BOOKMARK [3][-]{subsubsection.4.3.1}{\376\377\121\154\126\340\133\120\166\204\170\156\133\232}{subsection.4.3}% 14
\BOOKMARK [3][-]{subsubsection.4.3.2}{\376\377\126\340\133\120\124\175\124\015\116\016\217\175\203\167\167\351\226\065\213\241\173\227}{subsection.4.3}% 15
\BOOKMARK [3][-]{subsubsection.4.3.3}{\376\377\154\102\137\227\126\340\133\120\137\227\122\006\124\214\176\374\124\010\176\351\145\110\137\227\122\006}{subsection.4.3}% 16
\BOOKMARK [2][-]{subsection.4.4}{\376\377\176\323\147\234\122\006\147\220}{section.4}% 17
\BOOKMARK [1][-]{section.5}{\376\377\225\356\230\230\116\214\152\041\127\213\166\204\136\372\172\313\116\016\154\102\211\343}{}% 18
\BOOKMARK [2][-]{subsection.5.1}{\376\377\225\356\230\230\166\204\143\317\217\360\116\016\122\006\147\220}{section.5}% 19
\BOOKMARK [2][-]{subsection.5.2}{\376\377\152\041\127\213\166\204\136\372\172\313\116\016\154\102\211\343}{section.5}% 20
\BOOKMARK [3][-]{subsubsection.5.2.1}{\376\377\116\272\142\115\123\312\121\166\124\070\137\025\122\233\137\161\124\315\126\340\175\040\166\204\122\006\174\173}{subsection.5.2}% 21
\BOOKMARK [3][-]{subsubsection.5.2.2}{\376\377\122\006\174\173\127\213\116\272\142\115\124\070\137\025\122\233\122\006\147\220}{subsection.5.2}% 22
\BOOKMARK [2][-]{subsection.5.3}{\376\377\176\323\147\234\122\006\147\220}{section.5}% 23
\BOOKMARK [1][-]{section.6}{\376\377\121\231\176\331\153\146\154\111\136\002\116\272\122\233\215\104\156\220\220\350\225\350\166\204\136\372\213\256\142\245\124\112}{}% 24
\BOOKMARK [1][-]{section.7}{\376\377\152\041\127\213\166\204\213\304\116\367}{}% 25
\BOOKMARK [2][-]{subsection.7.1}{\376\377\152\041\127\213\166\204\117\030\160\271}{section.7}% 26
\BOOKMARK [2][-]{subsection.7.2}{\376\377\152\041\127\213\166\204\177\072\160\271}{section.7}% 27
\BOOKMARK [1][-]{appendix.A}{\376\377\116\343\170\001}{}% 28
\BOOKMARK [2][-]{subsection.A.1}{\376\377\145\160\143\156\230\204\131\004\164\006\040\023\000p\000y\000t\000h\000o\000n\156\220\116\343\170\001}{appendix.A}% 29
\BOOKMARK [2][-]{subsection.A.2}{\376\377\145\160\143\156\123\357\211\306\123\026\040\023\000p\000y\000t\000h\000o\000n\156\220\116\343\170\001}{appendix.A}% 30
\BOOKMARK [2][-]{subsection.A.3}{\376\377\160\160\202\162\121\163\200\124\136\246\040\023\000m\000a\000t\000l\000a\000b\156\220\116\343\170\001}{appendix.A}% 31
\BOOKMARK [2][-]{subsection.A.4}{\376\377\166\370\121\163\174\373\145\160\167\351\226\065}{appendix.A}% 32
\BOOKMARK [2][-]{subsection.A.5}{\376\377\122\035\131\313\126\340\133\120\217\175\203\167\167\351\226\065}{appendix.A}% 33
\BOOKMARK [2][-]{subsection.A.6}{\376\377\145\313\217\154\124\016\166\204\126\340\133\120\217\175\203\167\167\351\226\065}{appendix.A}% 34
\BOOKMARK [2][-]{subsection.A.7}{\376\377\142\020\122\006\137\227\122\006\174\373\145\160\167\351\226\065}{appendix.A}% 35
