\BOOKMARK [1][-]{section.1}{\376\377\225\356\230\230\221\315\217\360}{}% 1
\BOOKMARK [2][-]{subsection.1.1}{\376\377\225\356\230\230\200\314\146\157}{section.1}% 2
\BOOKMARK [2][-]{subsection.1.2}{\376\377\225\356\230\230\143\320\121\372}{section.1}% 3
\BOOKMARK [1][-]{section.2}{\376\377\152\041\127\213\120\107\213\276}{}% 4
\BOOKMARK [1][-]{section.3}{\376\377\173\046\123\367\213\364\146\016}{}% 5
\BOOKMARK [1][-]{section.4}{\376\377\225\356\230\230\116\000\152\041\127\213\166\204\136\372\172\313\116\016\154\102\211\343}{}% 6
\BOOKMARK [2][-]{subsection.4.1}{\376\377\225\356\230\230\166\204\143\317\217\360\116\016\122\006\147\220}{section.4}% 7
\BOOKMARK [2][-]{subsection.4.2}{\376\377\152\041\127\213\166\204\136\372\172\313}{section.4}% 8
\BOOKMARK [3][-]{subsubsection.4.2.1}{\376\377\126\376\120\317\127\372\147\054\123\302\145\160\116\016\217\320\173\227\173\046\123\367\133\232\116\111}{subsection.4.2}% 9
\BOOKMARK [3][-]{subsubsection.4.2.2}{\376\377\137\142\162\266\162\171\137\201\126\340\175\040}{subsection.4.2}% 10
\BOOKMARK [3][-]{subsubsection.4.2.3}{\376\377\217\271\177\030\162\171\137\201\126\340\175\040}{subsection.4.2}% 11
\BOOKMARK [2][-]{subsection.4.3}{\376\377\152\041\127\213\166\204\154\102\211\343}{section.4}% 12
\BOOKMARK [1][-]{section.5}{\376\377\225\356\230\230\116\214\152\041\127\213\166\204\136\372\172\313\116\016\154\102\211\343}{}% 13
\BOOKMARK [2][-]{subsection.5.1}{\376\377\225\356\230\230\166\204\143\317\217\360\116\016\122\006\147\220}{section.5}% 14
\BOOKMARK [2][-]{subsection.5.2}{\376\377\152\041\127\213\166\204\136\372\172\313\116\016\154\102\211\343}{section.5}% 15
\BOOKMARK [3][-]{subsubsection.5.2.1}{\376\377\000D\000N\000N\177\121\176\334\144\055\136\372}{subsection.5.2}% 16
\BOOKMARK [3][-]{subsubsection.5.2.2}{\376\377\000P\000S\000O\117\030\123\026\000D\000N\000N\177\121\176\334}{subsection.5.2}% 17
\BOOKMARK [3][-]{subsubsection.5.2.3}{\376\377\123\302\145\160\166\204\220\011\123\326\116\016\170\156\133\232}{subsection.5.2}% 18
\BOOKMARK [2][-]{subsection.5.3}{\376\377\133\236\232\214\116\016\176\323\147\234\122\006\147\220}{section.5}% 19
\BOOKMARK [3][-]{subsubsection.5.3.1}{\376\377\152\041\127\213\140\047\200\375\213\304\117\060}{subsection.5.3}% 20
\BOOKMARK [1][-]{section.6}{\376\377\225\356\230\230\116\011\152\041\127\213\166\204\136\372\172\313\116\016\154\102\211\343}{}% 21
\BOOKMARK [2][-]{subsection.6.1}{\376\377\225\356\230\230\143\317\217\360\116\016\122\006\147\220}{section.6}% 22
\BOOKMARK [2][-]{subsection.6.2}{\376\377\152\041\127\213\166\204\136\372\172\313\116\016\154\102\211\343}{section.6}% 23
\BOOKMARK [2][-]{subsection.6.3}{\376\377\176\323\147\234\122\006\147\220}{section.6}% 24
\BOOKMARK [1][-]{section.7}{\376\377\152\041\127\213\166\204\213\304\116\367}{}% 25
\BOOKMARK [2][-]{subsection.7.1}{\376\377\152\041\127\213\166\204\117\030\160\271}{section.7}% 26
\BOOKMARK [2][-]{subsection.7.2}{\376\377\152\041\127\213\166\204\177\072\160\271}{section.7}% 27
\BOOKMARK [1][-]{appendix.A}{\376\377\116\343\170\001}{}% 28
\BOOKMARK [2][-]{subsection.A.1}{\376\377\126\376\162\107\124\015\171\360\213\373\123\326\040\023\000m\000a\000t\000l\000a\000b\156\220\116\343\170\001}{appendix.A}% 29
\BOOKMARK [2][-]{subsection.A.2}{\376\377\150\021\123\366\137\142\162\266\000i\000d\213\241\173\227\040\023\000m\000a\000t\000l\000a\000b\156\220\116\343\170\001}{appendix.A}% 30
\BOOKMARK [2][-]{subsection.A.3}{\376\377\145\366\225\364\136\217\122\027\134\125\137\000\040\023\000p\000y\000t\000h\000o\000n\156\220\116\343\170\001}{appendix.A}% 31
\BOOKMARK [2][-]{subsection.A.4}{\376\377\217\271\177\030\155\113\213\325\145\366\225\364\136\217\122\027\040\023\000C\000+\000+\156\220\116\343\170\001}{appendix.A}% 32
\BOOKMARK [2][-]{subsection.A.5}{\376\377\145\160\143\156\123\357\211\306\123\026\040\023\000p\000y\000t\000h\000o\000n\156\220\116\343\170\001}{appendix.A}% 33
\BOOKMARK [2][-]{subsection.A.6}{\376\377\000P\000S\000O\000-\000D\000N\000N\177\121\176\334\144\055\136\372\040\023\000p\000y\000t\000h\000o\000n\156\220\116\343\170\001}{appendix.A}% 34
\BOOKMARK [2][-]{subsection.A.7}{\376\377\124\004\174\173\122\006\174\173\126\150\153\324\217\203\040\023\000p\000y\000t\000h\000o\000n\156\220\116\343\170\001}{appendix.A}% 35
