\BOOKMARK [1][-]{section.1}{\376\377\225\356\230\230\221\315\217\360}{}% 1
\BOOKMARK [2][-]{subsection.1.1}{\376\377\225\356\230\230\200\314\146\157}{section.1}% 2
\BOOKMARK [2][-]{subsection.1.2}{\376\377\225\356\230\230\151\202\217\360}{section.1}% 3
\BOOKMARK [1][-]{section.2}{\376\377\152\041\127\213\120\107\213\276}{}% 4
\BOOKMARK [1][-]{section.3}{\376\377\173\046\123\367\213\364\146\016}{}% 5
\BOOKMARK [1][-]{section.4}{\376\377\160\274\224\242\060\001\217\336\224\370\060\001\160\355\217\147\116\000\117\123\123\026\165\037\116\247\176\304\176\307\060\001\135\345\202\172\217\307\172\013\162\171\160\271}{}% 6
\BOOKMARK [2][-]{subsection.4.1}{\376\377\127\372\147\054\162\151\155\101\211\201\175\040\124\214\155\101\122\250\117\123\174\373\210\150\171\072}{section.4}% 7
\BOOKMARK [2][-]{subsection.4.2}{\376\377\160\274\224\242\060\001\217\336\224\370\165\037\116\247\122\250\140\001\214\003\136\246\162\171\160\271}{section.4}% 8
\BOOKMARK [2][-]{subsection.4.3}{\376\377\160\355\217\147\165\037\116\247\213\241\122\022\177\026\122\066\225\356\230\230\162\171\160\271}{section.4}% 9
\BOOKMARK [1][-]{section.5}{\376\377\116\000\117\123\123\026\214\003\136\246\225\356\230\230\152\041\127\213\166\204\136\372\172\313\116\016\154\102\211\343}{}% 10
\BOOKMARK [2][-]{subsection.5.1}{\376\377\225\356\230\230\143\317\217\360\116\016\122\006\147\220}{section.5}% 11
\BOOKMARK [2][-]{subsection.5.2}{\376\377\165\037\116\247\117\030\123\026\166\356\150\007}{section.5}% 12
\BOOKMARK [3][-]{subsubsection.5.2.1}{\376\377\116\247\200\375\166\356\150\007\121\375\145\160}{subsection.5.2}% 13
\BOOKMARK [3][-]{subsubsection.5.2.2}{\376\377\145\366\225\364\166\356\150\007\121\375\145\160}{subsection.5.2}% 14
\BOOKMARK [2][-]{subsection.5.3}{\376\377\135\345\202\172\176\246\147\137\147\141\116\366}{section.5}% 15
\BOOKMARK [3][-]{subsubsection.5.3.1}{\376\377\176\304\160\211\176\246\147\137}{subsection.5.3}% 16
\BOOKMARK [3][-]{subsubsection.5.3.2}{\376\377\176\304\155\107\176\246\147\137}{subsection.5.3}% 17
\BOOKMARK [3][-]{subsubsection.5.3.3}{\376\377\160\355\217\147\123\125\121\103\176\246\147\137}{subsection.5.3}% 18
\BOOKMARK [2][-]{subsection.5.4}{\376\377\160\274\224\242\040\024\040\024\217\336\224\370\040\024\040\024\160\355\217\147\122\250\140\001\123\117\214\003\173\227\154\325}{section.5}% 19
\BOOKMARK [3][-]{subsubsection.5.4.1}{\376\377\143\322\147\177\137\017\177\026\170\001}{subsection.5.4}% 20
\BOOKMARK [3][-]{subsubsection.5.4.2}{\376\377\000N\000S\000G\000A\000-\000I\000I\173\227\154\325}{subsection.5.4}% 21
\BOOKMARK [1][-]{section.6}{\376\377\116\377\167\037\133\236\232\214\116\016\176\323\147\234\123\312\122\006\147\220}{}% 22
\BOOKMARK [2][-]{subsection.6.1}{\376\377\133\236\232\214\145\160\143\156\123\312\123\302\145\160\213\276\177\156}{section.6}% 23
\BOOKMARK [2][-]{subsection.6.2}{\376\377\133\236\232\214\176\323\147\234}{section.6}% 24
\BOOKMARK [1][-]{section.7}{\376\377\160\165\145\117\136\246\122\006\147\220}{}% 25
\BOOKMARK [1][-]{section.8}{\376\377\152\041\127\213\213\304\116\367}{}% 26
\BOOKMARK [2][-]{subsection.8.1}{\376\377\152\041\127\213\166\204\117\030\160\271}{section.8}% 27
\BOOKMARK [2][-]{subsection.8.2}{\376\377\152\041\127\213\166\204\177\072\160\271}{section.8}% 28
\BOOKMARK [1][-]{subsection.8.2}{\376\377\123\302\200\003\145\207\163\056}{}% 29
\BOOKMARK [1][-]{appendix.A}{\376\377\000N\000S\000G\000A\000-\000I\000I\116\377\167\037\133\236\232\214\116\343\170\001}{}% 30
