\BOOKMARK [1][-]{section.1}{\376\377\225\356\230\230\221\315\217\360}{}% 1
\BOOKMARK [2][-]{subsection.1.1}{\376\377\225\356\230\230\200\314\146\157}{section.1}% 2
\BOOKMARK [2][-]{subsection.1.2}{\376\377\225\356\230\230\151\202\217\360}{section.1}% 3
\BOOKMARK [1][-]{section.2}{\376\377\152\041\127\213\120\107\213\276}{}% 4
\BOOKMARK [1][-]{section.3}{\376\377\173\046\123\367\213\364\146\016}{}% 5
\BOOKMARK [1][-]{section.4}{\376\377\225\356\230\230\116\000\152\041\127\213\166\204\136\372\172\313\116\016\154\102\211\343}{}% 6
\BOOKMARK [2][-]{subsection.4.1}{\376\377\225\356\230\230\143\317\217\360\116\016\122\006\147\220}{section.4}% 7
\BOOKMARK [2][-]{subsection.4.2}{\376\377\117\040\147\323\165\305\122\250\122\233\133\146\152\041\127\213}{section.4}% 8
\BOOKMARK [2][-]{subsection.4.3}{\376\377\121\115\165\253\135\356\122\006\217\333\123\026\173\227\154\325}{section.4}% 9
\BOOKMARK [2][-]{subsection.4.4}{\376\377\133\236\232\214\176\323\147\234\123\312\122\006\147\220}{section.4}% 10
\BOOKMARK [2][-]{subsection.4.5}{\376\377\160\165\145\117\136\246\122\006\147\220}{section.4}% 11
\BOOKMARK [1][-]{section.5}{\376\377\225\356\230\230\116\214\152\041\127\213\166\204\136\372\172\313\116\016\154\102\211\343}{}% 12
\BOOKMARK [2][-]{subsection.5.1}{\376\377\225\356\230\230\143\317\217\360\116\016\122\006\147\220}{section.5}% 13
\BOOKMARK [2][-]{subsection.5.2}{\376\377\152\041\127\213\166\204\136\372\172\313\116\016\154\102\211\343}{section.5}% 14
\BOOKMARK [2][-]{subsection.5.3}{\376\377\133\236\232\214\176\323\147\234\123\312\122\006\147\220}{section.5}% 15
\BOOKMARK [1][-]{section.6}{\376\377\225\356\230\230\116\011\152\041\127\213\166\204\136\372\172\313\116\016\154\102\211\343}{}% 16
\BOOKMARK [2][-]{subsection.6.1}{\376\377\176\323\147\234\122\006\147\220}{section.6}% 17
\BOOKMARK [1][-]{section.7}{\376\377\160\165\145\117\136\246\122\006\147\220}{}% 18
\BOOKMARK [1][-]{section.8}{\376\377\152\041\127\213\166\204\213\304\116\367}{}% 19
\BOOKMARK [2][-]{subsection.8.1}{\376\377\152\041\127\213\166\204\117\030\160\271}{section.8}% 20
\BOOKMARK [2][-]{subsection.8.2}{\376\377\152\041\127\213\166\204\177\072\160\271}{section.8}% 21
\BOOKMARK [1][-]{appendix.A}{\376\377\225\356\230\230\116\000\116\343\170\001}{}% 22
